<?xml version="1.0" encoding="UTF-8"?>
<testng-results skipped="0" failed="0" ignored="0" total="1" passed="1">
  <reporter-output>
  </reporter-output>
  <suite name="Suite" duration-ms="57367" started-at="2021-02-06T00:48:37Z" finished-at="2021-02-06T00:49:34Z">
    <groups>
      <group name="regression">
        <method signature="TNG_002.amazon()[pri:0, instance:com.project.December2020MavenBuild.TNG_002@6107227e]" name="amazon" class="com.project.December2020MavenBuild.TNG_002"/>
      </group> <!-- regression -->
      <group name="sanity">
        <method signature="TNG_002.amazon()[pri:0, instance:com.project.December2020MavenBuild.TNG_002@6107227e]" name="amazon" class="com.project.December2020MavenBuild.TNG_002"/>
      </group> <!-- sanity -->
    </groups>
    <test name="Test" duration-ms="57367" started-at="2021-02-06T00:48:37Z" finished-at="2021-02-06T00:49:34Z">
      <class name="com.project.December2020MavenBuild.TNG_002">
        <test-method status="PASS" signature="startProcess(java.lang.String)[pri:0, instance:com.project.December2020MavenBuild.TNG_002@6107227e]" name="startProcess" is-config="true" duration-ms="20845" started-at="2021-02-06T00:48:37Z" finished-at="2021-02-06T00:48:58Z">
          <params>
            <param index="0">
              <value>
                <![CDATA[chrome]]>
              </value>
            </param>
          </params>
          <reporter-output>
          </reporter-output>
        </test-method> <!-- startProcess -->
        <test-method status="PASS" signature="amazon()[pri:0, instance:com.project.December2020MavenBuild.TNG_002@6107227e]" name="amazon" duration-ms="31129" started-at="2021-02-06T00:48:58Z" finished-at="2021-02-06T00:49:29Z">
          <reporter-output>
          </reporter-output>
        </test-method> <!-- amazon -->
        <test-method status="PASS" signature="endProcess()[pri:0, instance:com.project.December2020MavenBuild.TNG_002@6107227e]" name="endProcess" is-config="true" duration-ms="5319" started-at="2021-02-06T00:49:29Z" finished-at="2021-02-06T00:49:34Z">
          <reporter-output>
          </reporter-output>
        </test-method> <!-- endProcess -->
      </class> <!-- com.project.December2020MavenBuild.TNG_002 -->
    </test> <!-- Test -->
  </suite> <!-- Suite -->
</testng-results>
